Not a conda environment: /home/531734/mike/.conda/envs/snakemake
Building DAG of jobs...
Using shell: /usr/bin/bash
Provided cores: 28
Rules claiming more threads will be scaled down.
Job counts:
	count	jobs
	1	all
	2	bam2fq
	2	blobtools_create
	2	blobtools_plot
	2	blobtools_view
	2	listing_contam_contigs
	2	listing_contam_contigs2
	2	pulling_clean_contigs
	2	removing_contam_contigs
	1	samtools_index
	1	sort
	2	transformation
	2	zipping_fq
	23

[Tue Feb 11 09:00:46 2020]
rule sort:
    input: data/mapped/MincW1.500.bam
    output: data/mapped/sorted/MincW1.500.sorted
    jobid: 40
    wildcards: sample=MincW1, insert=500
    threads: 28

samtools sort         -@ 28         data/mapped/MincW1.500.bam         -o data/mapped/sorted/MincW1.500.sorted
Activating conda environment: /home/531734/mike/Meloidogyne-assembly-workflow/.snakemake/conda/d0df5107
[bam_sort_core] merging from 0 files and 28 in-memory blocks...
[Tue Feb 11 09:01:33 2020]
Finished job 40.
1 of 23 steps (4%) done

[Tue Feb 11 09:01:33 2020]
rule blobtools_create:
    input: data/spades/MincW1.500/scaffolds.fasta, data/mapped/sorted/MincW1.350.sorted, reports/blast/MincW1.blast.out
    output: reports/blobtools/MincW1.350/blobDB.json
    jobid: 45
    wildcards: sample=MincW1, insert=350
    threads: 28

./blobtools/blobtools create         -i data/spades/MincW1.500/scaffolds.fasta         -b data/mapped/sorted/MincW1.350.sorted         -t reports/blast/MincW1.blast.out         -o reports/blobtools/MincW1.350/
Activating conda environment: /home/531734/mike/Meloidogyne-assembly-workflow/.snakemake/conda/7278f120
Traceback (most recent call last):
  File "./blobtools/blobtools", line 4, in <module>
    from lib.interface import main
  File "/home/531734/mike/Meloidogyne-assembly-workflow/blobtools/lib/interface.py", line 44, in <module>
    from docopt import docopt, DocoptExit
ModuleNotFoundError: No module named 'docopt'
[Tue Feb 11 09:01:34 2020]
Error in rule blobtools_create:
    jobid: 45
    output: reports/blobtools/MincW1.350/blobDB.json
    conda-env: /home/531734/mike/Meloidogyne-assembly-workflow/.snakemake/conda/7278f120
    shell:
        ./blobtools/blobtools create         -i data/spades/MincW1.500/scaffolds.fasta         -b data/mapped/sorted/MincW1.350.sorted         -t reports/blast/MincW1.blast.out         -o reports/blobtools/MincW1.350/
        (one of the commands exited with non-zero exit code; note that snakemake uses bash strict mode!)

Job failed, going on with independent jobs.

[Tue Feb 11 09:01:34 2020]
rule blobtools_create:
    input: data/spades/MincW1.500/scaffolds.fasta, data/mapped/sorted/MincW1.500.sorted, reports/blast/MincW1.blast.out
    output: reports/blobtools/MincW1.500/blobDB.json
    jobid: 44
    wildcards: sample=MincW1, insert=500
    threads: 28

./blobtools/blobtools create         -i data/spades/MincW1.500/scaffolds.fasta         -b data/mapped/sorted/MincW1.500.sorted         -t reports/blast/MincW1.blast.out         -o reports/blobtools/MincW1.500/
Activating conda environment: /home/531734/mike/Meloidogyne-assembly-workflow/.snakemake/conda/7278f120
Traceback (most recent call last):
  File "./blobtools/blobtools", line 4, in <module>
    from lib.interface import main
  File "/home/531734/mike/Meloidogyne-assembly-workflow/blobtools/lib/interface.py", line 44, in <module>
    from docopt import docopt, DocoptExit
ModuleNotFoundError: No module named 'docopt'
[Tue Feb 11 09:01:35 2020]
Error in rule blobtools_create:
    jobid: 44
    output: reports/blobtools/MincW1.500/blobDB.json
    conda-env: /home/531734/mike/Meloidogyne-assembly-workflow/.snakemake/conda/7278f120
    shell:
        ./blobtools/blobtools create         -i data/spades/MincW1.500/scaffolds.fasta         -b data/mapped/sorted/MincW1.500.sorted         -t reports/blast/MincW1.blast.out         -o reports/blobtools/MincW1.500/
        (one of the commands exited with non-zero exit code; note that snakemake uses bash strict mode!)

Job failed, going on with independent jobs.

[Tue Feb 11 09:01:35 2020]
rule samtools_index:
    input: data/mapped/sorted/MincW1.500.sorted
    output: data/mapped/sorted/MincW1.500.sorted.bai
    jobid: 42
    wildcards: sample=MincW1, insert=500

samtools index         data/mapped/sorted/MincW1.500.sorted         data/mapped/sorted/MincW1.500.sorted.bai
Activating conda environment: /home/531734/mike/Meloidogyne-assembly-workflow/.snakemake/conda/d0df5107
[Tue Feb 11 09:02:16 2020]
Finished job 42.
2 of 23 steps (9%) done
Exiting because a job execution failed. Look above for error message
Complete log: /home/531734/mike/Meloidogyne-assembly-workflow/.snakemake/log/2020-02-11T090045.332226.snakemake.log
